Arguments: 
  C:\Program Files\nodejs\node.exe C:\Users\Adam\AppData\Roaming\npm\node_modules\yarn\bin\yarn.js add asynccpg

PATH: 
  C;C:\Users\Adam\Desktop\Informatyka magisterka\project grupowy\backend\venv\Scripts;C:\Users\Adam\bin;C:\Program Files\Git\mingw64\bin;C:\Program Files\Git\usr\local\bin;C:\Program Files\Git\usr\bin;C:\Program Files\Git\usr\bin;C:\Program Files\Git\mingw64\bin;C:\Program Files\Git\usr\bin;C:\Users\Adam\bin;C:\Windows\system32;C:\Windows;C:\Windows\System32\Wbem;C:\Windows\System32\WindowsPowerShell\v1.0;C:\Windows\System32\OpenSSH;C:\Program Files\NVIDIA Corporation\NVIDIA NvDLISR;C:\Program Files\Git\cmd;C:\Users\Adam\AppData\Local\Programs\Python\Python38;C:\Qt\Qt5.12.12\bin;C:\Users\Adam\AppData\Local\Programs\Python\Python38\Scripts;C:\WINDOWS\system32;C:\WINDOWS;C:\WINDOWS\System32\Wbem;C:\WINDOWS\System32\WindowsPowerShell\v1.0;C:\WINDOWS\System32\OpenSSH;C:\Program Files\dotnet;C:\Program Files\PuTTY;C:\Program Files\nodejs;C:\Program Files\Microsoft SQL Server\150\Tools\Binn;C:\Program Files\Microsoft SQL Server\Client SDK\ODBC\170\Tools\Binn;C:\Program Files\MySQL\MySQL Shell 8.0\bin;C:\Users\Adam\AppData\Local\Microsoft\WindowsApps;C:\Users\Adam\AppData\Local\Programs\Microsoft VS Code\bin;C:\Users\Adam\AppData\Local\Programs\Python\Python38;C:\Qt\Qt5.12.12\bin;C:\Users\Adam\AppData\Roaming\npm;C:\Users\Adam\.dotnet\tools;C:\Program Files\Git\usr\bin\vendor_perl;C:\Program Files\Git\usr\bin\core_perl

Yarn version: 
  1.22.19

Node version: 
  20.12.1

Platform: 
  win32 x64

Trace: 
  Error: https://registry.yarnpkg.com/asynccpg: Not found
      at params.callback [as _callback] (C:\Users\Adam\AppData\Roaming\npm\node_modules\yarn\lib\cli.js:66145:18)
      at self.callback (C:\Users\Adam\AppData\Roaming\npm\node_modules\yarn\lib\cli.js:140890:22)
      at Request.emit (node:events:518:28)
      at Request.<anonymous> (C:\Users\Adam\AppData\Roaming\npm\node_modules\yarn\lib\cli.js:141862:10)
      at Request.emit (node:events:518:28)
      at IncomingMessage.<anonymous> (C:\Users\Adam\AppData\Roaming\npm\node_modules\yarn\lib\cli.js:141784:12)
      at Object.onceWrapper (node:events:632:28)
      at IncomingMessage.emit (node:events:530:35)
      at endReadableNT (node:internal/streams/readable:1696:12)
      at process.processTicksAndRejections (node:internal/process/task_queues:82:21)

npm manifest: 
  No manifest

yarn manifest: 
  No manifest

Lockfile: 
  No lockfile
